{
  "D:\\Projects\\SAST\\SAST-UI\\packages\\ui-react\\lib\\Button\\Button.tsx": {
    "path": "D:\\Projects\\SAST\\SAST-UI\\packages\\ui-react\\lib\\Button\\Button.tsx",
    "all": false,
    "statementMap": {
      "0": { "start": { "line": 1, "column": 0 }, "end": { "line": 1, "column": 26 } },
      "1": { "start": { "line": 2, "column": 0 }, "end": { "line": 2, "column": 42 } },
      "2": { "start": { "line": 3, "column": 0 }, "end": { "line": 3, "column": 36 } },
      "3": { "start": { "line": 4, "column": 0 }, "end": { "line": 4, "column": 0 } },
      "4": { "start": { "line": 5, "column": 0 }, "end": { "line": 5, "column": 84 } },
      "5": { "start": { "line": 6, "column": 0 }, "end": { "line": 6, "column": 5 } },
      "6": { "start": { "line": 7, "column": 0 }, "end": { "line": 7, "column": 29 } },
      "7": { "start": { "line": 8, "column": 0 }, "end": { "line": 8, "column": 5 } },
      "8": { "start": { "line": 9, "column": 0 }, "end": { "line": 9, "column": 66 } },
      "9": { "start": { "line": 10, "column": 0 }, "end": { "line": 10, "column": 5 } },
      "10": { "start": { "line": 11, "column": 0 }, "end": { "line": 11, "column": 28 } },
      "11": { "start": { "line": 12, "column": 0 }, "end": { "line": 12, "column": 5 } },
      "12": { "start": { "line": 13, "column": 0 }, "end": { "line": 13, "column": 38 } },
      "13": { "start": { "line": 14, "column": 0 }, "end": { "line": 14, "column": 5 } },
      "14": { "start": { "line": 15, "column": 0 }, "end": { "line": 15, "column": 30 } },
      "15": { "start": { "line": 16, "column": 0 }, "end": { "line": 16, "column": 5 } },
      "16": { "start": { "line": 17, "column": 0 }, "end": { "line": 17, "column": 86 } },
      "17": { "start": { "line": 18, "column": 0 }, "end": { "line": 18, "column": 5 } },
      "18": { "start": { "line": 19, "column": 0 }, "end": { "line": 19, "column": 44 } },
      "19": { "start": { "line": 20, "column": 0 }, "end": { "line": 20, "column": 5 } },
      "20": { "start": { "line": 21, "column": 0 }, "end": { "line": 21, "column": 21 } },
      "21": { "start": { "line": 22, "column": 0 }, "end": { "line": 22, "column": 5 } },
      "22": { "start": { "line": 23, "column": 0 }, "end": { "line": 23, "column": 28 } },
      "23": { "start": { "line": 24, "column": 0 }, "end": { "line": 24, "column": 5 } },
      "24": { "start": { "line": 25, "column": 0 }, "end": { "line": 25, "column": 21 } },
      "25": { "start": { "line": 26, "column": 0 }, "end": { "line": 26, "column": 5 } },
      "26": { "start": { "line": 27, "column": 0 }, "end": { "line": 27, "column": 70 } },
      "27": { "start": { "line": 28, "column": 0 }, "end": { "line": 28, "column": 5 } },
      "28": { "start": { "line": 29, "column": 0 }, "end": { "line": 29, "column": 27 } },
      "29": { "start": { "line": 30, "column": 0 }, "end": { "line": 30, "column": 1 } },
      "30": { "start": { "line": 31, "column": 0 }, "end": { "line": 31, "column": 0 } },
      "31": { "start": { "line": 32, "column": 0 }, "end": { "line": 32, "column": 71 } },
      "32": { "start": { "line": 33, "column": 0 }, "end": { "line": 33, "column": 3 } },
      "33": { "start": { "line": 34, "column": 0 }, "end": { "line": 34, "column": 5 } },
      "34": { "start": { "line": 35, "column": 0 }, "end": { "line": 35, "column": 24 } },
      "35": { "start": { "line": 36, "column": 0 }, "end": { "line": 36, "column": 22 } },
      "36": { "start": { "line": 37, "column": 0 }, "end": { "line": 37, "column": 22 } },
      "37": { "start": { "line": 38, "column": 0 }, "end": { "line": 38, "column": 23 } },
      "38": { "start": { "line": 39, "column": 0 }, "end": { "line": 39, "column": 16 } },
      "39": { "start": { "line": 40, "column": 0 }, "end": { "line": 40, "column": 28 } },
      "40": { "start": { "line": 41, "column": 0 }, "end": { "line": 41, "column": 13 } },
      "41": { "start": { "line": 42, "column": 0 }, "end": { "line": 42, "column": 6 } },
      "42": { "start": { "line": 43, "column": 0 }, "end": { "line": 43, "column": 8 } },
      "43": { "start": { "line": 44, "column": 0 }, "end": { "line": 44, "column": 8 } },
      "44": { "start": { "line": 45, "column": 0 }, "end": { "line": 45, "column": 32 } },
      "45": { "start": { "line": 46, "column": 0 }, "end": { "line": 46, "column": 21 } },
      "46": { "start": { "line": 47, "column": 0 }, "end": { "line": 47, "column": 20 } },
      "47": { "start": { "line": 48, "column": 0 }, "end": { "line": 48, "column": 19 } },
      "48": { "start": { "line": 49, "column": 0 }, "end": { "line": 49, "column": 41 } },
      "49": { "start": { "line": 50, "column": 0 }, "end": { "line": 50, "column": 65 } },
      "50": { "start": { "line": 51, "column": 0 }, "end": { "line": 51, "column": 33 } },
      "51": { "start": { "line": 52, "column": 0 }, "end": { "line": 52, "column": 6 } },
      "52": { "start": { "line": 53, "column": 0 }, "end": { "line": 53, "column": 12 } },
      "53": { "start": { "line": 54, "column": 0 }, "end": { "line": 54, "column": 13 } },
      "54": { "start": { "line": 55, "column": 0 }, "end": { "line": 55, "column": 17 } },
      "55": { "start": { "line": 56, "column": 0 }, "end": { "line": 56, "column": 46 } },
      "56": { "start": { "line": 57, "column": 0 }, "end": { "line": 57, "column": 17 } },
      "57": { "start": { "line": 58, "column": 0 }, "end": { "line": 58, "column": 27 } },
      "58": { "start": { "line": 59, "column": 0 }, "end": { "line": 59, "column": 8 } },
      "59": { "start": { "line": 60, "column": 0 }, "end": { "line": 60, "column": 6 } },
      "60": { "start": { "line": 61, "column": 0 }, "end": { "line": 61, "column": 4 } },
      "61": { "start": { "line": 62, "column": 0 }, "end": { "line": 62, "column": 2 } },
      "62": { "start": { "line": 63, "column": 0 }, "end": { "line": 63, "column": 0 } },
      "63": { "start": { "line": 64, "column": 0 }, "end": { "line": 64, "column": 30 } }
    },
    "s": {
      "0": 1,
      "1": 1,
      "2": 1,
      "3": 1,
      "4": 1,
      "5": 1,
      "6": 1,
      "7": 1,
      "8": 1,
      "9": 1,
      "10": 1,
      "11": 1,
      "12": 1,
      "13": 1,
      "14": 1,
      "15": 1,
      "16": 1,
      "17": 1,
      "18": 1,
      "19": 1,
      "20": 1,
      "21": 1,
      "22": 1,
      "23": 1,
      "24": 1,
      "25": 1,
      "26": 1,
      "27": 1,
      "28": 1,
      "29": 1,
      "30": 1,
      "31": 1,
      "32": 1,
      "33": 2,
      "34": 2,
      "35": 2,
      "36": 2,
      "37": 2,
      "38": 2,
      "39": 2,
      "40": 2,
      "41": 2,
      "42": 2,
      "43": 2,
      "44": 2,
      "45": 2,
      "46": 2,
      "47": 2,
      "48": 2,
      "49": 2,
      "50": 2,
      "51": 2,
      "52": 2,
      "53": 2,
      "54": 2,
      "55": 2,
      "56": 2,
      "57": 2,
      "58": 2,
      "59": 2,
      "60": 2,
      "61": 1,
      "62": 1,
      "63": 1
    },
    "branchMap": {
      "0": {
        "type": "branch",
        "line": 33,
        "loc": { "start": { "line": 33, "column": 2 }, "end": { "line": 61, "column": 4 } },
        "locations": [{ "start": { "line": 33, "column": 2 }, "end": { "line": 61, "column": 4 } }]
      },
      "1": {
        "type": "branch",
        "line": 49,
        "loc": { "start": { "line": 49, "column": 13 }, "end": { "line": 49, "column": 37 } },
        "locations": [
          { "start": { "line": 49, "column": 13 }, "end": { "line": 49, "column": 37 } }
        ]
      },
      "2": {
        "type": "branch",
        "line": 50,
        "loc": { "start": { "line": 50, "column": 31 }, "end": { "line": 50, "column": 61 } },
        "locations": [
          { "start": { "line": 50, "column": 31 }, "end": { "line": 50, "column": 61 } }
        ]
      }
    },
    "b": { "0": [2], "1": [0], "2": [0] },
    "fnMap": {},
    "f": {}
  }
}
